<?xml version="1.0" encoding="UTF-8"?>
<testsuite name="caesarTest" tests="1" skipped="0" failures="0" errors="0" timestamp="2020-09-07T06:34:28" hostname="access-ThinkPad-T450" time="0.006">
  <properties/>
  <testcase name="shouldDisplayCipher" classname="caesarTest" time="0.006"/>
  <system-out><![CDATA[encrypt
]]></system-out>
  <system-err><![CDATA[]]></system-err>
</testsuite>
